<?xml version="1.0" encoding="UTF-8"?>
<!-- Generated by org.testng.reporters.JUnitXMLReporter -->
<testsuite hostname="ICPL12705" ignored="1" name="Default test" tests="1" failures="0" timestamp="13 Jun 2019 11:06:12 GMT" time="29.873" errors="0">
  <testcase name="testUserIsSignedUp" time="21.795" classname="com.amazon.testcases.LoginTest"/>
  <testcase name="testUserIsAbleToAddProduct" time="0.0" classname="com.amazon.testcases.LoginTest">
    <ignored/>
  </testcase> <!-- testUserIsAbleToAddProduct -->
</testsuite> <!-- Default test -->
